[
    [["l1", "str"], ["l2", "str"], ["l3", "str"]],
    ["a", "a", "a"],
    ["a", "a", "b"],
    ["a", "a", "b"],
    ["a", "b", "a"],
    ["a", "b", "b"],
    ["a", "b", "b"],
    ["a", "b", "a"],
    ["a", "b", "b"],
    ["a", "b", "b"],
    ["b", "a", "a"],
    ["b", "a", "b"],
    ["b", "a", "b"],
    ["b", "b", "a"],
    ["b", "b", "b"],
    ["b", "b", "b"],
    ["b", "b", "a"],
    ["b", "b", "b"],
    ["b", "b", "b"],
    ["b", "a", "a"],
    ["b", "a", "b"],
    ["b", "a", "b"],
    ["b", "b", "a"],
    ["b", "b", "b"],
    ["b", "b", "b"],
    ["b", "b", "a"],
    ["b", "b", "b"],
    ["b", "b", "b"]
]
